# JRE version: OpenJDK Runtime Environment (8.0_112-b06) (build 1.8.0_112-release-b06)
# Java VM: OpenJDK 64-Bit Server VM (25.112-b06 mixed mode windows-amd64 compressed oops)
Heap:
 PSYoungGen      total 388608K, used 102823K [0x00000000e0000000, 0x00000000f9e80000, 0x0000000100000000)
  eden space 356352K, 22% used [0x00000000e0000000,0x00000000e4ffe8a8,0x00000000f5c00000)
  from space 32256K, 64% used [0x00000000f7c00000,0x00000000f906b430,0x00000000f9b80000)
  to   space 32768K, 0% used [0x00000000f5c00000,0x00000000f5c00000,0x00000000f7c00000)
 ParOldGen       total 253952K, used 51936K [0x00000000a0000000, 0x00000000af800000, 0x00000000e0000000)
  object space 253952K, 20% used [0x00000000a0000000,0x00000000a32b81e8,0x00000000af800000)
 Metaspace       used 68960K, capacity 72119K, committed 72320K, reserved 1112064K
  class space    used 8958K, capacity 9536K, committed 9600K, reserved 1048576K
GC Heap History (10 events):
Event: 13.520 GC heap before
{Heap before GC invocations=11 (full 2):
 PSYoungGen      total 250368K, used 101374K [0x00000000e0000000, 0x00000000f1b00000, 0x0000000100000000)
  eden space 233472K, 36% used [0x00000000e0000000,0x00000000e52831d0,0x00000000ee400000)
  from space 16896K, 99% used [0x00000000efc80000,0x00000000f0cfc8e0,0x00000000f0d00000)
  to   space 25088K, 0% used [0x00000000ee400000,0x00000000ee400000,0x00000000efc80000)
 ParOldGen       total 169984K, used 36697K [0x00000000a0000000, 0x00000000aa600000, 0x00000000e0000000)
  object space 169984K, 21% used [0x00000000a0000000,0x00000000a23d64c8,0x00000000aa600000)
 Metaspace       used 56787K, capacity 59013K, committed 59028K, reserved 1099776K
  class space    used 7613K, capacity 8064K, committed 8064K, reserved 1048576K
Event: 13.630 GC heap after
Heap after GC invocations=11 (full 2):
 PSYoungGen      total 258560K, used 20274K [0x00000000e0000000, 0x00000000f6e80000, 0x0000000100000000)
  eden space 233472K, 0% used [0x00000000e0000000,0x00000000e0000000,0x00000000ee400000)
  from space 25088K, 80% used [0x00000000ee400000,0x00000000ef7cc8e0,0x00000000efc80000)
  to   space 26624K, 0% used [0x00000000f5480000,0x00000000f5480000,0x00000000f6e80000)
 ParOldGen       total 169984K, used 36705K [0x00000000a0000000, 0x00000000aa600000, 0x00000000e0000000)
  object space 169984K, 21% used [0x00000000a0000000,0x00000000a23d84c8,0x00000000aa600000)
 Metaspace       used 56787K, capacity 59013K, committed 59028K, reserved 1099776K
  class space    used 7613K, capacity 8064K, committed 8064K, reserved 1048576K
}
Event: 13.630 GC heap before
{Heap before GC invocations=12 (full 3):
 PSYoungGen      total 258560K, used 20274K [0x00000000e0000000, 0x00000000f6e80000, 0x0000000100000000)
  eden space 233472K, 0% used [0x00000000e0000000,0x00000000e0000000,0x00000000ee400000)
  from space 25088K, 80% used [0x00000000ee400000,0x00000000ef7cc8e0,0x00000000efc80000)
  to   space 26624K, 0% used [0x00000000f5480000,0x00000000f5480000,0x00000000f6e80000)
 ParOldGen       total 169984K, used 36705K [0x00000000a0000000, 0x00000000aa600000, 0x00000000e0000000)
  object space 169984K, 21% used [0x00000000a0000000,0x00000000a23d84c8,0x00000000aa600000)
 Metaspace       used 56787K, capacity 59013K, committed 59028K, reserved 1099776K
  class space    used 7613K, capacity 8064K, committed 8064K, reserved 1048576K
Event: 14.041 GC heap after
Heap after GC invocations=12 (full 3):
 PSYoungGen      total 258560K, used 0K [0x00000000e0000000, 0x00000000f6e80000, 0x0000000100000000)
  eden space 233472K, 0% used [0x00000000e0000000,0x00000000e0000000,0x00000000ee400000)
  from space 25088K, 0% used [0x00000000ee400000,0x00000000ee400000,0x00000000efc80000)
  to   space 26624K, 0% used [0x00000000f5480000,0x00000000f5480000,0x00000000f6e80000)
 ParOldGen       total 253952K, used 45693K [0x00000000a0000000, 0x00000000af800000, 0x00000000e0000000)
  object space 253952K, 17% used [0x00000000a0000000,0x00000000a2c9f410,0x00000000af800000)
 Metaspace       used 56787K, capacity 59013K, committed 59028K, reserved 1099776K
  class space    used 7613K, capacity 8064K, committed 8064K, reserved 1048576K
}
Event: 1298.655 GC heap before
{Heap before GC invocations=13 (full 3):
 PSYoungGen      total 258560K, used 233472K [0x00000000e0000000, 0x00000000f6e80000, 0x0000000100000000)
  eden space 233472K, 100% used [0x00000000e0000000,0x00000000ee400000,0x00000000ee400000)
  from space 25088K, 0% used [0x00000000ee400000,0x00000000ee400000,0x00000000efc80000)
  to   space 26624K, 0% used [0x00000000f5480000,0x00000000f5480000,0x00000000f6e80000)
 ParOldGen       total 253952K, used 45693K [0x00000000a0000000, 0x00000000af800000, 0x00000000e0000000)
  object space 253952K, 17% used [0x00000000a0000000,0x00000000a2c9f410,0x00000000af800000)
 Metaspace       used 61250K, capacity 64023K, committed 64256K, reserved 1105920K
  class space    used 8147K, capacity 8681K, committed 8704K, reserved 1048576K
Event: 1298.806 GC heap after
Heap after GC invocations=13 (full 3):
 PSYoungGen      total 300544K, used 8166K [0x00000000e0000000, 0x00000000f5c80000, 0x0000000100000000)
  eden space 292352K, 0% used [0x00000000e0000000,0x00000000e0000000,0x00000000f1d80000)
  from space 8192K, 99% used [0x00000000f5480000,0x00000000f5c79be0,0x00000000f5c80000)
  to   space 26624K, 0% used [0x00000000f2880000,0x00000000f2880000,0x00000000f4280000)
 ParOldGen       total 253952K, used 45701K [0x00000000a0000000, 0x00000000af800000, 0x00000000e0000000)
  object space 253952K, 17% used [0x00000000a0000000,0x00000000a2ca1410,0x00000000af800000)
 Metaspace       used 61250K, capacity 64023K, committed 64256K, reserved 1105920K
  class space    used 8147K, capacity 8681K, committed 8704K, reserved 1048576K
}
Event: 1309.296 GC heap before
{Heap before GC invocations=14 (full 3):
 PSYoungGen      total 300544K, used 300518K [0x00000000e0000000, 0x00000000f5c80000, 0x0000000100000000)
  eden space 292352K, 100% used [0x00000000e0000000,0x00000000f1d80000,0x00000000f1d80000)
  from space 8192K, 99% used [0x00000000f5480000,0x00000000f5c79be0,0x00000000f5c80000)
  to   space 26624K, 0% used [0x00000000f2880000,0x00000000f2880000,0x00000000f4280000)
 ParOldGen       total 253952K, used 45701K [0x00000000a0000000, 0x00000000af800000, 0x00000000e0000000)
  object space 253952K, 17% used [0x00000000a0000000,0x00000000a2ca1410,0x00000000af800000)
 Metaspace       used 63307K, capacity 66195K, committed 66432K, reserved 1107968K
  class space    used 8294K, capacity 8823K, committed 8832K, reserved 1048576K
Event: 1309.342 GC heap after
Heap after GC invocations=14 (full 3):
 PSYoungGen      total 330240K, used 26609K [0x00000000e0000000, 0x00000000f9b80000, 0x0000000100000000)
  eden space 303616K, 0% used [0x00000000e0000000,0x00000000e0000000,0x00000000f2880000)
  from space 26624K, 99% used [0x00000000f2880000,0x00000000f427c448,0x00000000f4280000)
  to   space 32256K, 0% used [0x00000000f7c00000,0x00000000f7c00000,0x00000000f9b80000)
 ParOldGen       total 253952K, used 51928K [0x00000000a0000000, 0x00000000af800000, 0x00000000e0000000)
  object space 253952K, 20% used [0x00000000a0000000,0x00000000a32b61e8,0x00000000af800000)
 Metaspace       used 63307K, capacity 66195K, committed 66432K, reserved 1107968K
  class space    used 8294K, capacity 8823K, committed 8832K, reserved 1048576K
}
Event: 7149.023 GC heap before
{Heap before GC invocations=15 (full 3):
 PSYoungGen      total 330240K, used 330225K [0x00000000e0000000, 0x00000000f9b80000, 0x0000000100000000)
  eden space 303616K, 100% used [0x00000000e0000000,0x00000000f2880000,0x00000000f2880000)
  from space 26624K, 99% used [0x00000000f2880000,0x00000000f427c448,0x00000000f4280000)
  to   space 32256K, 0% used [0x00000000f7c00000,0x00000000f7c00000,0x00000000f9b80000)
 ParOldGen       total 253952K, used 51928K [0x00000000a0000000, 0x00000000af800000, 0x00000000e0000000)
  object space 253952K, 20% used [0x00000000a0000000,0x00000000a32b61e8,0x00000000af800000)
 Metaspace       used 64024K, capacity 67021K, committed 67328K, reserved 1107968K
  class space    used 8368K, capacity 8888K, committed 8960K, reserved 1048576K
Event: 7149.084 GC heap after
Heap after GC invocations=15 (full 3):
 PSYoungGen      total 388608K, used 20909K [0x00000000e0000000, 0x00000000f9e80000, 0x0000000100000000)
  eden space 356352K, 0% used [0x00000000e0000000,0x00000000e0000000,0x00000000f5c00000)
  from space 32256K, 64% used [0x00000000f7c00000,0x00000000f906b430,0x00000000f9b80000)
  to   space 32768K, 0% used [0x00000000f5c00000,0x00000000f5c00000,0x00000000f7c00000)
 ParOldGen       total 253952K, used 51936K [0x00000000a0000000, 0x00000000af800000, 0x00000000e0000000)
  object space 253952K, 20% used [0x00000000a0000000,0x00000000a32b81e8,0x00000000af800000)
 Metaspace       used 64024K, capacity 67021K, committed 67328K, reserved 1107968K
  class space    used 8368K, capacity 8888K, committed 8960K, reserved 1048576K
}

